[    0.000000] Linux version 4.15.0-212-generic (buildd@lcy02-amd64-083) (gcc version 7.5.0 (Ubuntu 7.5.0-3ubuntu1~18.04)) #223-Ubuntu SMP Tue May 23 13:09:22 UTC 2023 (Ubuntu 4.15.0-212.223-generic 4.15.18)
[    0.000000] Command line: BOOT_IMAGE=/boot/vmlinuz-4.15.0-212-generic root=LABEL=cloudimg-rootfs ro console=tty1 console=ttyS0
[    0.000000] KERNEL supported cpus:
[    0.000000]   Intel GenuineIntel
[    0.000000]   AMD AuthenticAMD
[    0.000000]   Centaur CentaurHauls
[    0.000000] x86/fpu: Supporting XSAVE feature 0x001: 'x87 floating point registers'
[    0.000000] x86/fpu: Supporting XSAVE feature 0x002: 'SSE registers'
[    0.000000] x86/fpu: Supporting XSAVE feature 0x004: 'AVX registers'
[    0.000000] x86/fpu: xstate_offset[2]:  576, xstate_sizes[2]:  256
[    0.000000] x86/fpu: Enabled xstate features 0x7, context size is 832 bytes, using 'standard' format.
[    0.000000] e820: BIOS-provided physical RAM map:
[    0.000000] BIOS-e820: [mem 0x0000000000000000-0x000000000009fbff] usable
[    0.000000] BIOS-e820: [mem 0x000000000009fc00-0x000000000009ffff] reserved
[    0.000000] BIOS-e820: [mem 0x00000000000f0000-0x00000000000fffff] reserved
[    0.000000] BIOS-e820: [mem 0x0000000000100000-0x00000000dffeffff] usable
[    0.000000] BIOS-e820: [mem 0x00000000dfff0000-0x00000000dfffffff] ACPI data
[    0.000000] BIOS-e820: [mem 0x00000000fec00000-0x00000000fec00fff] reserved
[    0.000000] BIOS-e820: [mem 0x00000000fee00000-0x00000000fee00fff] reserved
[    0.000000] BIOS-e820: [mem 0x00000000fffc0000-0x00000000ffffffff] reserved
[    0.000000] BIOS-e820: [mem 0x0000000100000000-0x000000019fffffff] usable
[    0.000000] NX (Execute Disable) protection: active
[    0.000000] SMBIOS 2.5 present.
[    0.000000] DMI: innotek GmbH VirtualBox/VirtualBox, BIOS VirtualBox 12/01/2006
[    0.000000] Hypervisor detected: KVM
[    0.000000] e820: last_pfn = 0x1a0000 max_arch_pfn = 0x400000000
[    0.000000] MTRR: Disabled
[    0.000000] x86/PAT: MTRRs disabled, skipping PAT initialization too.
[    0.000000] CPU MTRRs all blank - virtualized system.
[    0.000000] x86/PAT: Configuration [0-7]: WB  WT  UC- UC  WB  WT  UC- UC  
[    0.000000] e820: last_pfn = 0xdfff0 max_arch_pfn = 0x400000000
[    0.000000] found SMP MP-table at [mem 0x0009fff0-0x0009ffff]
[    0.000000] Scanning 1 areas for low memory corruption
[    0.000000] RAMDISK: [mem 0x359cb000-0x36cdcfff]
[    0.000000] ACPI: Early table checksum verification disabled
[    0.000000] ACPI: RSDP 0x00000000000E0000 000024 (v02 VBOX  )
[    0.000000] ACPI: XSDT 0x00000000DFFF0030 00003C (v01 VBOX   VBOXXSDT 00000001 ASL  00000061)
[    0.000000] ACPI: FACP 0x00000000DFFF00F0 0000F4 (v04 VBOX   VBOXFACP 00000001 ASL  00000061)
[    0.000000] ACPI: DSDT 0x00000000DFFF0610 002353 (v02 VBOX   VBOXBIOS 00000002 INTL 20201113)
[    0.000000] ACPI: FACS 0x00000000DFFF0200 000040
[    0.000000] ACPI: FACS 0x00000000DFFF0200 000040
[    0.000000] ACPI: APIC 0x00000000DFFF0240 00005C (v02 VBOX   VBOXAPIC 00000001 ASL  00000061)
[    0.000000] ACPI: SSDT 0x00000000DFFF02A0 00036C (v01 VBOX   VBOXCPUT 00000002 INTL 20201113)
[    0.000000] ACPI: Reserving FACP table memory at [mem 0xdfff00f0-0xdfff01e3]
[    0.000000] ACPI: Reserving DSDT table memory at [mem 0xdfff0610-0xdfff2962]
[    0.000000] ACPI: Reserving FACS table memory at [mem 0xdfff0200-0xdfff023f]
[    0.000000] ACPI: Reserving FACS table memory at [mem 0xdfff0200-0xdfff023f]
[    0.000000] ACPI: Reserving APIC table memory at [mem 0xdfff0240-0xdfff029b]
[    0.000000] ACPI: Reserving SSDT table memory at [mem 0xdfff02a0-0xdfff060b]
[    0.000000] No NUMA configuration found
[    0.000000] Faking a node at [mem 0x0000000000000000-0x000000019fffffff]
[    0.000000] NODE_DATA(0) allocated [mem 0x19ffd3000-0x19fffdfff]
[    0.000000] kvm-clock: cpu 0, msr 1:9ff52001, primary cpu clock
[    0.000000] kvm-clock: Using msrs 4b564d01 and 4b564d00
[    0.000000] kvm-clock: using sched offset of 3474015064 cycles
[    0.000000] clocksource: kvm-clock: mask: 0xffffffffffffffff max_cycles: 0x1cd42e4dffb, max_idle_ns: 881590591483 ns
[    0.000000] Zone ranges:
[    0.000000]   DMA      [mem 0x0000000000001000-0x0000000000ffffff]
[    0.000000]   DMA32    [mem 0x0000000001000000-0x00000000ffffffff]
[    0.000000]   Normal   [mem 0x0000000100000000-0x000000019fffffff]
[    0.000000]   Device   empty
[    0.000000] Movable zone start for each node
[    0.000000] Early memory node ranges
[    0.000000]   node   0: [mem 0x0000000000001000-0x000000000009efff]
[    0.000000]   node   0: [mem 0x0000000000100000-0x00000000dffeffff]
[    0.000000]   node   0: [mem 0x0000000100000000-0x000000019fffffff]
[    0.000000] Reserved but unavailable: 104 pages
[    0.000000] Initmem setup node 0 [mem 0x0000000000001000-0x000000019fffffff]
[    0.000000] ACPI: PM-Timer IO Port: 0x4008
[    0.000000] IOAPIC[0]: apic_id 2, version 32, address 0xfec00000, GSI 0-23
[    0.000000] ACPI: INT_SRC_OVR (bus 0 bus_irq 0 global_irq 2 dfl dfl)
[    0.000000] ACPI: INT_SRC_OVR (bus 0 bus_irq 9 global_irq 9 low level)
[    0.000000] Using ACPI (MADT) for SMP configuration information
[    0.000000] smpboot: Allowing 2 CPUs, 0 hotplug CPUs
[    0.000000] PM: Registered nosave memory: [mem 0x00000000-0x00000fff]
[    0.000000] PM: Registered nosave memory: [mem 0x0009f000-0x0009ffff]
[    0.000000] PM: Registered nosave memory: [mem 0x000a0000-0x000effff]
[    0.000000] PM: Registered nosave memory: [mem 0x000f0000-0x000fffff]
[    0.000000] PM: Registered nosave memory: [mem 0xdfff0000-0xdfffffff]
[    0.000000] PM: Registered nosave memory: [mem 0xe0000000-0xfebfffff]
[    0.000000] PM: Registered nosave memory: [mem 0xfec00000-0xfec00fff]
[    0.000000] PM: Registered nosave memory: [mem 0xfec01000-0xfedfffff]
[    0.000000] PM: Registered nosave memory: [mem 0xfee00000-0xfee00fff]
[    0.000000] PM: Registered nosave memory: [mem 0xfee01000-0xfffbffff]
[    0.000000] PM: Registered nosave memory: [mem 0xfffc0000-0xffffffff]
[    0.000000] e820: [mem 0xe0000000-0xfebfffff] available for PCI devices
[    0.000000] Booting paravirtualized kernel on KVM
[    0.000000] clocksource: refined-jiffies: mask: 0xffffffff max_cycles: 0xffffffff, max_idle_ns: 7645519600211568 ns
[    0.000000] setup_percpu: NR_CPUS:8192 nr_cpumask_bits:2 nr_cpu_ids:2 nr_node_ids:1
[    0.000000] percpu: Embedded 50 pages/cpu s167936 r8192 d28672 u1048576
[    0.000000] PV qspinlock hash table entries: 256 (order: 0, 4096 bytes)
[    0.000000] Built 1 zonelists, mobility grouping on.  Total pages: 1548153
[    0.000000] Policy zone: Normal
[    0.000000] Kernel command line: BOOT_IMAGE=/boot/vmlinuz-4.15.0-212-generic root=LABEL=cloudimg-rootfs ro console=tty1 console=ttyS0
[    0.000000] Memory: 6077644K/6291000K available (12300K kernel code, 2477K rwdata, 4324K rodata, 2480K init, 2720K bss, 213356K reserved, 0K cma-reserved)
[    0.000000] SLUB: HWalign=64, Order=0-3, MinObjects=0, CPUs=2, Nodes=1
[    0.000000] Kernel/User page tables isolation: enabled
[    0.000000] ftrace: allocating 39508 entries in 155 pages
[    0.004000] Hierarchical RCU implementation.
[    0.004000] 	RCU restricting CPUs from NR_CPUS=8192 to nr_cpu_ids=2.
[    0.004000] 	Tasks RCU enabled.
[    0.004000] RCU: Adjusting geometry for rcu_fanout_leaf=16, nr_cpu_ids=2
[    0.004000] NR_IRQS: 524544, nr_irqs: 440, preallocated irqs: 16
[    0.004000] random: crng init done
[    0.004000] Console: colour VGA+ 80x25
[    0.004000] console [tty1] enabled
[    0.004000] console [ttyS0] enabled
[    0.004000] ACPI: Core revision 20170831
[    0.004000] ACPI: 2 ACPI AML tables successfully acquired and loaded
[    0.004000] APIC: Switch to symmetric I/O mode setup
[    0.004000] x2apic enabled
[    0.004000] Switched APIC routing to physical x2apic.
[    0.004000] ..TIMER: vector=0x30 apic1=0 pin1=2 apic2=-1 pin2=-1
[    0.004000] tsc: Detected 3912.016 MHz processor
[    0.004000] Calibrating delay loop (skipped) preset value.. 7824.03 BogoMIPS (lpj=15648064)
[    0.004004] pid_max: default: 32768 minimum: 301
[    0.004963] Security Framework initialized
[    0.005793] Yama: becoming mindful.
[    0.006561] AppArmor: AppArmor initialized
[    0.016146] Dentry cache hash table entries: 1048576 (order: 11, 8388608 bytes)
[    0.026701] Inode-cache hash table entries: 524288 (order: 10, 4194304 bytes)
[    0.028027] Mount-cache hash table entries: 16384 (order: 5, 131072 bytes)
[    0.029056] Mountpoint-cache hash table entries: 16384 (order: 5, 131072 bytes)
[    0.030456] Last level iTLB entries: 4KB 64, 2MB 8, 4MB 8
[    0.032002] Last level dTLB entries: 4KB 64, 2MB 0, 4MB 0, 1GB 4
[    0.032995] Spectre V1 : Mitigation: usercopy/swapgs barriers and __user pointer sanitization
[    0.034306] Spectre V2 : Mitigation: Retpolines
[    0.035015] Spectre V2 : Spectre v2 / SpectreRSB mitigation: Filling RSB on context switch
[    0.036001] Spectre V2 : Spectre v2 / SpectreRSB : Filling RSB on VMEXIT
[    0.037434] RETBleed: WARNING: Spectre v2 mitigation leaves CPU vulnerable to RETBleed attacks, data leaks possible!
[    0.040003] RETBleed: Vulnerable
[    0.040570] Speculative Store Bypass: Vulnerable
[    0.041405] MDS: Mitigation: Clear CPU buffers
[    0.042133] MMIO Stale Data: Mitigation: Clear CPU buffers
[    0.042996] SRBDS: Unknown: Dependent on hypervisor status
[    0.044184] Freeing SMP alternatives memory: 36K
[    0.154931] smpboot: CPU0: Intel(R) Core(TM) i3-7100 CPU @ 3.90GHz (family: 0x6, model: 0x9e, stepping: 0x9)
[    0.156000] Performance Events: unsupported p6 CPU model 158 no PMU driver, software events only.
[    0.156000] Hierarchical SRCU implementation.
[    0.156442] NMI watchdog: Perf event create on CPU 0 failed with -2
[    0.157596] NMI watchdog: Perf NMI watchdog permanently disabled
[    0.160060] smp: Bringing up secondary CPUs ...
[    0.160944] x86: Booting SMP configuration:
[    0.161648] .... node  #0, CPUs:      #1
[    0.004000] kvm-clock: cpu 1, msr 1:9ff52041, secondary cpu clock
[    0.166491] smp: Brought up 1 node, 2 CPUs
[    0.166491] smpboot: Max logical packages: 1
[    0.166491] smpboot: Total of 2 processors activated (15648.06 BogoMIPS)
[    0.168198] devtmpfs: initialized
[    0.168819] x86/mm: Memory block size: 128MB
[    0.170090] evm: security.selinux
[    0.172003] evm: security.SMACK64
[    0.172700] evm: security.SMACK64EXEC
[    0.173475] evm: security.SMACK64TRANSMUTE
[    0.174306] evm: security.SMACK64MMAP
[    0.175070] evm: security.apparmor
[    0.176002] evm: security.ima
[    0.176646] evm: security.capability
[    0.177435] clocksource: jiffies: mask: 0xffffffff max_cycles: 0xffffffff, max_idle_ns: 7645041785100000 ns
[    0.177763] futex hash table entries: 512 (order: 3, 32768 bytes)
[    0.180040] pinctrl core: initialized pinctrl subsystem
[    0.181156] RTC time:  8:12:59, date: 12/10/24
[    0.182152] NET: Registered protocol family 16
[    0.183099] audit: initializing netlink subsys (disabled)
[    0.184019] audit: type=2000 audit(1733818383.819:1): state=initialized audit_enabled=0 res=1
[    0.185478] cpuidle: using governor ladder
[    0.185478] cpuidle: using governor menu
[    0.188062] ACPI: bus type PCI registered
[    0.188881] acpiphp: ACPI Hot Plug PCI Controller Driver version: 0.5
[    0.190123] PCI: Using configuration type 1 for base access
[    0.192377] HugeTLB registered 2.00 MiB page size, pre-allocated 0 pages
[    0.193227] ACPI: Added _OSI(Module Device)
[    0.193227] ACPI: Added _OSI(Processor Device)
[    0.193777] ACPI: Added _OSI(3.0 _SCP Extensions)
[    0.196003] ACPI: Added _OSI(Processor Aggregator Device)
[    0.197031] ACPI: Added _OSI(Linux-Dell-Video)
[    0.197898] ACPI: Added _OSI(Linux-Lenovo-NV-HDMI-Audio)
[    0.198914] ACPI: Added _OSI(Linux-HPI-Hybrid-Graphics)
[    0.200230] ACPI: Executed 1 blocks of module-level executable AML code
[    0.205233] ACPI: Interpreter enabled
[    0.207209] ACPI: (supports S0 S5)
[    0.207908] ACPI: Using IOAPIC for interrupt routing
[    0.208242] PCI: Using host bridge windows from ACPI; if necessary, use "pci=nocrs" and report a bug
[    0.210112] ACPI: Enabled 2 GPEs in block 00 to 07
[    0.217490] ACPI: PCI Root Bridge [PCI0] (domain 0000 [bus 00-ff])
[    0.218659] acpi PNP0A03:00: _OSC: OS supports [ASPM ClockPM Segments MSI]
[    0.220437] acpi PNP0A03:00: _OSC: not requesting OS control; OS requires [ExtendedConfig ASPM ClockPM MSI]
[    0.222314] acpi PNP0A03:00: fail to add MMCONFIG information, can't access extended PCI configuration space under this bridge.
[    0.224315] PCI host bridge to bus 0000:00
[    0.225148] pci_bus 0000:00: root bus resource [io  0x0000-0x0cf7 window]
[    0.226351] pci_bus 0000:00: root bus resource [io  0x0d00-0xffff window]
[    0.228002] pci_bus 0000:00: root bus resource [mem 0x000a0000-0x000bffff window]
[    0.229439] pci_bus 0000:00: root bus resource [mem 0xe0000000-0xfdffffff window]
[    0.230906] pci_bus 0000:00: root bus resource [bus 00-ff]
[    0.233357] pci 0000:00:01.1: legacy IDE quirk: reg 0x10: [io  0x01f0-0x01f7]
[    0.234693] pci 0000:00:01.1: legacy IDE quirk: reg 0x14: [io  0x03f6]
[    0.235888] pci 0000:00:01.1: legacy IDE quirk: reg 0x18: [io  0x0170-0x0177]
[    0.236002] pci 0000:00:01.1: legacy IDE quirk: reg 0x1c: [io  0x0376]
[    0.281244] pci 0000:00:07.0: quirk: [io  0x4000-0x403f] claimed by PIIX4 ACPI
[    0.282757] pci 0000:00:07.0: quirk: [io  0x4100-0x410f] claimed by PIIX4 SMB
[    0.317479] ACPI: PCI Interrupt Link [LNKA] (IRQs 5 9 10 *11)
[    0.318945] ACPI: PCI Interrupt Link [LNKB] (IRQs 5 9 *10 11)
[    0.320103] ACPI: PCI Interrupt Link [LNKC] (IRQs 5 *9 10 11)
[    0.321288] ACPI: PCI Interrupt Link [LNKD] (IRQs 5 9 10 *11)
[    0.326037] SCSI subsystem initialized
[    0.328037] pci 0000:00:02.0: vgaarb: setting as boot VGA device
[    0.329148] pci 0000:00:02.0: vgaarb: VGA device added: decodes=io+mem,owns=io+mem,locks=none
[    0.332007] pci 0000:00:02.0: vgaarb: bridge control possible
[    0.333093] vgaarb: loaded
[    0.333729] ACPI: bus type USB registered
[    0.334640] usbcore: registered new interface driver usbfs
[    0.336010] usbcore: registered new interface driver hub
[    0.337041] usbcore: registered new device driver usb
[    0.338077] EDAC MC: Ver: 3.0.0
[    0.340178] PCI: Using ACPI for IRQ routing
[    0.341067] NetLabel: Initializing
[    0.341821] NetLabel:  domain hash size = 128
[    0.342714] NetLabel:  protocols = UNLABELED CIPSOv4 CALIPSO
[    0.344017] NetLabel:  unlabeled traffic allowed by default
[    0.345090] clocksource: Switched to clocksource kvm-clock
[    0.365131] VFS: Disk quotas dquot_6.6.0
[    0.366029] VFS: Dquot-cache hash table entries: 512 (order 0, 4096 bytes)
[    0.367389] AppArmor: AppArmor Filesystem Enabled
[    0.368338] pnp: PnP ACPI init
[    0.369899] pnp: PnP ACPI: found 3 devices
[    0.377591] clocksource: acpi_pm: mask: 0xffffff max_cycles: 0xffffff, max_idle_ns: 2085701024 ns
[    0.379360] NET: Registered protocol family 2
[    0.380328] IP idents hash table entries: 131072 (order: 8, 1048576 bytes)
[    0.382200] TCP established hash table entries: 65536 (order: 7, 524288 bytes)
[    0.386518] TCP bind hash table entries: 65536 (order: 8, 1048576 bytes)
[    0.387973] TCP: Hash tables configured (established 65536 bind 65536)
[    0.389197] UDP hash table entries: 4096 (order: 5, 131072 bytes)
[    0.390322] UDP-Lite hash table entries: 4096 (order: 5, 131072 bytes)
[    0.391532] NET: Registered protocol family 1
[    0.392442] pci 0000:00:00.0: Limiting direct PCI/PCI transfers
[    0.393163] pci 0000:00:01.0: Activating ISA DMA hang workarounds
[    0.393163] pci 0000:00:02.0: Video device with shadowed ROM at [mem 0x000c0000-0x000dffff]
[    0.393163] Unpacking initramfs...
[    0.664941] Freeing initrd memory: 19528K
[    0.665871] PCI-DMA: Using software bounce buffering for IO (SWIOTLB)
[    0.667030] software IO TLB: mapped [mem 0xdbff0000-0xdfff0000] (64MB)
[    0.668313] clocksource: tsc: mask: 0xffffffffffffffff max_cycles: 0x70c7668db24, max_idle_ns: 881591219934 ns
[    0.670110] platform rtc_cmos: registered platform RTC device (no PNP device found)
[    0.671833] Scanning for low memory corruption every 60 seconds
[    0.673461] Initialise system trusted keyrings
[    0.674352] Key type blacklist registered
[    0.675207] workingset: timestamp_bits=36 max_order=21 bucket_order=0
[    0.677475] zbud: loaded
[    0.678672] squashfs: version 4.0 (2009/01/31) Phillip Lougher
[    0.679748] fuse init (API version 7.26)
[    0.684445] Key type asymmetric registered
[    0.685687] Asymmetric key parser 'x509' registered
[    0.686807] Block layer SCSI generic (bsg) driver version 0.4 loaded (major 246)
[    0.688513] io scheduler noop registered
[    0.689240] io scheduler deadline registered
[    0.689944] io scheduler cfq registered (default)
[    0.690955] ACPI: AC Adapter [AC] (on-line)
[    0.691680] input: Power Button as /devices/LNXSYSTM:00/LNXPWRBN:00/input/input0
[    0.692968] ACPI: Power Button [PWRF]
[    0.693655] input: Sleep Button as /devices/LNXSYSTM:00/LNXSLPBN:00/input/input1
[    0.695082] ACPI: Sleep Button [SLPF]
[    0.696159] Serial: 8250/16550 driver, 32 ports, IRQ sharing enabled
[    0.717939] 00:02: ttyS0 at I/O 0x3f8 (irq = 4, base_baud = 115200) is a 16550A
[    0.721515] Linux agpgart interface v0.103
[    0.725457] loop: module loaded
[    0.726663] scsi host0: ata_piix
[    0.727551] scsi host1: ata_piix
[    0.728276] ata1: PATA max UDMA/33 cmd 0x1f0 ctl 0x3f6 bmdma 0xd000 irq 14
[    0.729479] ata2: PATA max UDMA/33 cmd 0x170 ctl 0x376 bmdma 0xd008 irq 15
[    0.730750] tun: Universal TUN/TAP device driver, 1.6
[    0.731938] PPP generic driver version 2.4.2
[    0.732890] ehci_hcd: USB 2.0 'Enhanced' Host Controller (EHCI) Driver
[    0.734285] ehci-pci: EHCI PCI platform driver
[    0.735484] ehci-platform: EHCI generic platform driver
[    0.736660] ohci_hcd: USB 1.1 'Open' Host Controller (OHCI) Driver
[    0.737795] ohci-pci: OHCI PCI platform driver
[    0.738676] ohci-platform: OHCI generic platform driver
[    0.739686] uhci_hcd: USB Universal Host Controller Interface driver
[    0.740893] i8042: PNP: PS/2 Controller [PNP0303:PS2K,PNP0f03:PS2M] at 0x60,0x64 irq 1,12
[    0.742847] serio: i8042 KBD port at 0x60,0x64 irq 1
[    0.743822] serio: i8042 AUX port at 0x60,0x64 irq 12
[    0.744950] mousedev: PS/2 mouse device common for all mice
[    0.746436] input: AT Translated Set 2 keyboard as /devices/platform/i8042/serio0/input/input2
[    0.748201] rtc_cmos rtc_cmos: rtc core: registered rtc_cmos as rtc0
[    0.749389] rtc_cmos rtc_cmos: alarms up to one day, 114 bytes nvram
[    0.750373] i2c /dev entries driver
[    0.751185] device-mapper: uevent: version 1.0.3
[    0.752334] device-mapper: ioctl: 4.37.0-ioctl (2017-09-20) initialised: dm-devel@redhat.com
[    0.754124] ledtrig-cpu: registered to indicate activity on CPUs
[    0.755654] NET: Registered protocol family 10
[    0.759554] Segment Routing with IPv6
[    0.760373] NET: Registered protocol family 17
[    0.761277] Key type dns_resolver registered
[    0.762321] mce: Using 0 MCE banks
[    0.763646] RAS: Correctable Errors collector initialized.
[    0.764599] sched_clock: Marking stable (764574307, 0)->(1154361541, -389787234)
[    0.766288] registered taskstats version 1
[    0.767009] Loading compiled-in X.509 certificates
[    0.770353] Loaded X.509 cert 'Build time autogenerated kernel key: b5b26778eaa3ab3a4a6cee031137706e947d12ad'
[    0.772682] Loaded X.509 cert 'Canonical Ltd. Live Patch Signing: 14df34d1a87cf37625abec039ef2bf521249b969'
[    0.774963] Loaded X.509 cert 'Canonical Ltd. Kernel Module Signing: 88f752e560a1e0737e31163a466ad7b70a850c19'
[    0.776874] blacklist: Loading compiled-in revocation X.509 certificates
[    0.778137] Loaded X.509 cert 'Canonical Ltd. Secure Boot Signing: 61482aa2830d0ab2ad5af10b7250da9033ddcef0'
[    0.781005] Loaded X.509 cert 'Canonical Ltd. Secure Boot Signing (2017): 242ade75ac4a15e50d50c84b0d45ff3eae707a03'
[    0.782785] Loaded X.509 cert 'Canonical Ltd. Secure Boot Signing (ESM 2018): 365188c1d374d6b07c3c8f240f8ef722433d6a8b'
[    0.784565] Loaded X.509 cert 'Canonical Ltd. Secure Boot Signing (2019): c0746fd6c5da3ae827864651ad66ae47fe24b3e8'
[    0.787147] Loaded X.509 cert 'Canonical Ltd. Secure Boot Signing (2021 v1): a8d54bbb3825cfb94fa13c9f8a594a195c107b8d'
[    0.789140] Loaded X.509 cert 'Canonical Ltd. Secure Boot Signing (2021 v2): 4cf046892d6fd3c9a5b03f98d845f90851dc6a8c'
[    0.791183] Loaded X.509 cert 'Canonical Ltd. Secure Boot Signing (2021 v3): 100437bb6de6e469b581e61cd66bce3ef4ed53af'
[    0.793243] Loaded X.509 cert 'Canonical Ltd. Secure Boot Signing (Ubuntu Core 2019): c1d57b8f6b743f23ee41f4f7ee292f06eecadfb9'
[    0.795388] zswap: loaded using pool lzo/zbud
[    0.799074] Key type big_key registered
[    0.799915] Key type trusted registered
[    0.802573] Key type encrypted registered
[    0.803556] AppArmor: AppArmor sha1 policy hashing enabled
[    0.804908] ima: No TPM chip found, activating TPM-bypass! (rc=-19)
[    0.806242] ima: Allocated hash algorithm: sha1
[    0.807265] evm: HMAC attrs: 0x1
[    0.808233]   Magic number: 4:802:219
[    0.809060] rtc_cmos rtc_cmos: setting system clock to 2024-12-10 08:12:59 UTC (1733818379)
[    0.810994] BIOS EDD facility v0.16 2004-Jun-25, 0 devices found
[    0.812456] EDD information not available.
[    0.920842] Freeing unused kernel image memory: 2480K
[    1.135918] Write protecting the kernel read-only data: 20480k
[    1.140807] Freeing unused kernel image memory: 2008K
[    1.145195] Freeing unused kernel image memory: 1820K
[    1.172748] x86/mm: Checked W+X mappings: passed, no W+X pages found.
[    1.174780] x86/mm: Checking user space page tables
[    1.188920] x86/mm: Checked W+X mappings: passed, no W+X pages found.
Loading, please wait...
starting version 237
[    1.265795] e1000: Intel(R) PRO/1000 Network Driver - version 7.3.21-k8-NAPI
[    1.267290] e1000: Copyright (c) 1999-2006 Intel Corporation.
[    1.273364] Fusion MPT base driver 3.04.20
[    1.274399] Copyright (c) 1999-2008 LSI Corporation
[    1.286304] AVX2 version of gcm_enc/dec engaged.
[    1.287277] AES CTR mode by8 optimization enabled
[    1.300645] Fusion MPT SPI Host driver 3.04.20
[    1.473174] input: ImExPS/2 Generic Explorer Mouse as /devices/platform/i8042/serio1/input/input4
[    1.668513] e1000 0000:00:03.0 eth0: (PCI:33MHz:32-bit) 02:3b:7b:b7:3b:2d
[    1.669783] e1000 0000:00:03.0 eth0: Intel(R) PRO/1000 Network Connection
[    1.671776] mptbase: ioc0: Initiating bringup
[    1.796882] ioc0: LSI53C1030 A0: Capabilities={Initiator}
[    2.042930] scsi host2: ioc0: LSI53C1030 A0, FwRev=00000000h, Ports=1, MaxQ=256, IRQ=20
[    2.213621] scsi 2:0:0:0: Direct-Access     VBOX     HARDDISK         1.0  PQ: 0 ANSI: 5
[    2.252178] scsi target2:0:0: Beginning Domain Validation
[    2.314551] scsi target2:0:0: Domain Validation skipping write tests
[    2.315766] scsi target2:0:0: Ending Domain Validation
[    2.320849] scsi target2:0:0: asynchronous
[    2.325058] scsi 2:0:1:0: Direct-Access     VBOX     HARDDISK         1.0  PQ: 0 ANSI: 5
[    2.592044] scsi target2:0:1: Beginning Domain Validation
[    2.594074] scsi target2:0:1: Domain Validation skipping write tests
[    2.595299] scsi target2:0:1: Ending Domain Validation
[    2.596339] scsi target2:0:1: asynchronous
[    2.600133] sd 2:0:0:0: [sda] 83886080 512-byte logical blocks: (42.9 GB/40.0 GiB)
[    2.601670] sd 2:0:0:0: [sda] Write Protect is off
[    2.601893] e1000 0000:00:08.0 eth1: (PCI:33MHz:32-bit) 08:00:27:35:dd:9d
[    2.603633] e1000 0000:00:08.0 eth1: Intel(R) PRO/1000 Network Connection
[    2.603866] sd 2:0:0:0: [sda] Incomplete mode parameter data
[    2.605718] sd 2:0:0:0: [sda] Assuming drive cache: write through
[    2.606715] sd 2:0:0:0: Attached scsi generic sg0 type 0
[    2.608324] sd 2:0:1:0: [sdb] 20480 512-byte logical blocks: (10.5 MB/10.0 MiB)
[    2.609559] sd 2:0:1:0: Attached scsi generic sg1 type 0
[    2.610609] sd 2:0:1:0: [sdb] Write Protect is off
[    2.611677] sd 2:0:1:0: [sdb] Incomplete mode parameter data
[    2.612763] sd 2:0:1:0: [sdb] Assuming drive cache: write through
[    2.618222]  sda: sda1
[    2.619482] sd 2:0:0:0: [sda] Attached SCSI disk
[    2.637783] sd 2:0:1:0: [sdb] Attached SCSI disk
[    2.639647] e1000 0000:00:08.0 enp0s8: renamed from eth1
[    2.656300] e1000 0000:00:03.0 enp0s3: renamed from eth0
Begin: Loading essential drivers ... [    4.260020] raid6: sse2x1   gen() 13543 MB/s
[    4.308021] raid6: sse2x1   xor()  9666 MB/s
[    4.356018] raid6: sse2x2   gen() 16644 MB/s
[    4.404100] raid6: sse2x2   xor() 10929 MB/s
[    4.452018] raid6: sse2x4   gen() 18910 MB/s
[    4.500021] raid6: sse2x4   xor() 10886 MB/s
[    4.548025] raid6: avx2x1   gen() 26721 MB/s
[    4.596040] raid6: avx2x1   xor() 18880 MB/s
[    4.644025] raid6: avx2x2   gen() 31773 MB/s
[    4.692048] raid6: avx2x2   xor() 20420 MB/s
[    4.740049] raid6: avx2x4   gen() 37553 MB/s
[    4.788047] raid6: avx2x4   xor() 22729 MB/s
[    4.788927] raid6: using algorithm avx2x4 gen() 37553 MB/s
[    4.789978] raid6: .... xor() 22729 MB/s, rmw enabled
[    4.790943] raid6: using avx2x2 recovery algorithm
[    4.792751] xor: automatically using best checksumming function   avx       
[    4.794801] async_tx: api initialized (async)
done.
Begin: Running /scripts/init-premount ... done.
Begin: Mounting root file system ... Begin: Running /scripts/local-top ... done.
Begin: Running /scripts/local-premount ... [    4.835878] Btrfs loaded, crc32c=crc32c-intel
Scanning for Btrfs filesystems
done.
Warning: fsck not present, so skipping root file system
[    4.887144] EXT4-fs (sda1): mounted filesystem with ordered data mode. Opts: (null)
done.
Begin: Running /scripts/local-bottom ... done.
Begin: Running /scripts/init-bottom ... done.
[    5.937190] ip_tables: (C) 2000-2006 Netfilter Core Team
[    6.028203] systemd[1]: systemd 237 running in system mode. (+PAM +AUDIT +SELINUX +IMA +APPARMOR +SMACK +SYSVINIT +UTMP +LIBCRYPTSETUP +GCRYPT +GNUTLS +ACL +XZ +LZ4 +SECCOMP +BLKID +ELFUTILS +KMOD -IDN2 +IDN -PCRE2 default-hierarchy=hybrid)
[    6.040473] systemd[1]: Detected virtualization oracle.
[    6.043785] systemd[1]: Detected architecture x86-64.

Welcome to [1mUbuntu 18.04.6 LTS[0m!

[    6.087516] systemd[1]: Set hostname to <ubuntu>.
[    6.144244] systemd[1]: Initializing machine ID from random generator.
[    6.148431] systemd[1]: Installed transient /etc/machine-id file.
[    7.859684] systemd[1]: Started Forward Password Requests to Wall Directory Watch.
[[0;32m  OK  [0m] Started Forward Password Requests to Wall Directory Watch.
[    7.866938] systemd[1]: Created slice User and Session Slice.
[[0;32m  OK  [0m] Created slice User and Session Slice.
[    7.870031] systemd[1]: Reached target System Time Synchronized.
[[0;32m  OK  [0m] Reached target System Time Synchronized.
[    7.873117] systemd[1]: Created slice System Slice.
[[0;32m  OK  [0m] Created slice System Slice.
[[0;32m  OK  [0m] Listening on Syslog Socket.
[[0;32m  OK  [0m] Listening on /dev/initctl Compatibility Named Pipe.
[[0;32m  OK  [0m] Listening on Journal Socket.
         Starting Load Kernel Modules...
         Starting Set the console keyboard layout...
[[0;32m  OK  [0m] Listening on udev Kernel Socket.
[[0;32m  OK  [0m] Listening on Journal Socket (/dev/log).
[[0;32m  OK  [0m] Listening on Device-mapper event daemon FIFOs.
         Mounting POSIX Message Queue File System...
[[0;32m  OK  [0m] Listening on LVM2 metadata daemon socket.
         Starting Monitoring of LVM2 mirrors…ng dmeventd or progress polling...
[[0;32m  OK  [0m] Set up automount Arbitrary Executab…rmats File System Automount Point.
[[0;32m  OK  [0m] Listening on Network Service Netlink Socket.
[[0;32m  OK  [0m] Reached target Swap.
[[0;32m  OK  [0m] Reached target Mounting snaps.
[[0;32m  OK  [0m] Reached target Mounted snaps.
         Starting Uncomplicated firewall...
[[0;32m  OK  [0m] Listening on LVM2 poll daemon socket.
[[0;32m  OK  [0m] Created slice system-serial\x2dgetty.slice.
         Mounting Kernel Debug File System...
[[0;32m  OK  [0m] Listening on udev Control Socket.
         Starting udev Coldplug all Devices...
[[0;32m  OK  [0m] Listening on Journal Audit Socket.
         Starting Journal Service...
         Mounting Huge Pages File System...
[[0;32m  OK  [0m] Reached target User and Group Name Lookups.
[[0;32m  OK  [0m] Listening on fsck to fsckd communication Socket.
         Starting File System Check on Root Device...
[[0;32m  OK  [0m] Reached target Slices.
         Starting Create list of required st…ce nodes for the current kernel...
[[0;32m  OK  [0m] Mounted POSIX Message Queue File System.
[[0;32m  OK  [0m] Started Uncomplicated firewall.
[[0;32m  OK  [0m] Mounted Kernel Debug File System.
[[0;32m  OK  [0m] Mounted Huge Pages File System.
[    8.205788] Loading iSCSI transport class v2.0-870.
[    8.219840] iscsi: registered transport (tcp)
[[0;32m  OK  [0m] Started udev Coldplug all Devices.
[    8.241735] iscsi: registered transport (iser)
[[0;32m  OK  [0m] Started Load Kernel Modules.
         Mounting FUSE Control File System...
         Starting Apply Kernel Variables...
         Mounting Kernel Configuration File System...
[[0;32m  OK  [0m] Mounted FUSE Control File System.
[[0;32m  OK  [0m] Mounted Kernel Configuration File System.
[[0;32m  OK  [0m] Started Journal Service.
[[0;32m  OK  [0m] Started File System Check Daemon to report status.
[[0;32m  OK  [0m] Started Create list of required sta…vice nodes for the current kernel.
         Starting Create Static Device Nodes in /dev...
[[0;32m  OK  [0m] Started File System Check on Root Device.
         Starting Remount Root and Kernel File Systems...
[[0;32m  OK  [0m] Started LVM2 metadata daemon.
[[0;32m  OK  [0m] Started Apply Kernel Variables.
[[0;32m  OK  [0m] Started Remount Root and Kernel File Systems.
         Starting Load/Save Random Seed...
         Starting Flush Journal to Persistent Storage...
[[0;32m  OK  [0m] Started Create Static Device Nodes in /dev.
         Starting udev Kernel Device Manager...
[[0;32m  OK  [0m] Started Load/Save Random Seed.
[[0;32m  OK  [0m] Started Monitoring of LVM2 mirrors,…sing dmeventd or progress polling.
[[0;32m  OK  [0m] Started udev Kernel Device Manager.
[[0;32m  OK  [0m] Started Flush Journal to Persistent Storage.
[[0;32m  OK  [0m] Found device /dev/ttyS0.
[[0;32m  OK  [0m] Listening on Load/Save RF Kill Switch Status /dev/rfkill Watch.
         Mounting Arbitrary Executable File Formats File System...
[[0;32m  OK  [0m] Mounted Arbitrary Executable File Formats File System.
[[0;32m  OK  [0m] Started Set the console keyboard layout.
[[0;32m  OK  [0m] Started Dispatch Password Requests to Console Directory Watch.
[[0;32m  OK  [0m] Reached target Local Encrypted Volumes.
[[0;32m  OK  [0m] Reached target Local File Systems (Pre).
[[0;32m  OK  [0m] Reached target Local File Systems.
         Starting Commit a transient machine-id on disk...
         Starting ebtables ruleset management...
         Starting Tell Plymouth To Write Out Runtime Data...
         Starting Set console font and keymap...
         Starting AppArmor initialization...
         Starting Create Volatile Files and Directories...
[[0;32m  OK  [0m] Started Tell Plymouth To Write Out Runtime Data.
[[0;32m  OK  [0m] Started Create Volatile Files and Directories.
         Starting Update UTMP about System Boot/Shutdown...
[[0;32m  OK  [0m] Started Update UTMP about System Boot/Shutdown.
[[0;32m  OK  [0m] Started Commit a transient machine-id on disk.
[[0;32m  OK  [0m] Started ebtables ruleset management.
[[0;32m  OK  [0m] Started Set console font and keymap.
[[0;32m  OK  [0m] Started AppArmor initialization.
         Starting Initial cloud-init job (pre-networking)...
         Starting Load AppArmor profiles managed internally by snapd...
[[0;32m  OK  [0m] Started Load AppArmor profiles managed internally by snapd.
[   18.332575] cloud-init[836]: Cloud-init v. 23.1.2-0ubuntu0~18.04.1 running 'init-local' at Tue, 10 Dec 2024 08:13:16 +0000. Up 17.69 seconds.
[[0;32m  OK  [0m] Started Initial cloud-init job (pre-networking).
[[0;32m  OK  [0m] Reached target Network (Pre).
         Starting Network Service...
[[0;32m  OK  [0m] Started Network Service.
         Starting Wait for Network to be Configured...
         Starting Network Name Resolution...
[[0;32m  OK  [0m] Started Network Name Resolution.
[[0;32m  OK  [0m] Reached target Host and Network Name Lookups.
[[0;32m  OK  [0m] Reached target Network.
[[0;32m  OK  [0m] Started Wait for Network to be Configured.
         Starting Initial cloud-init job (metadata service crawler)...
[   20.380242] cloud-init[976]: Cloud-init v. 23.1.2-0ubuntu0~18.04.1 running 'init' at Tue, 10 Dec 2024 08:13:18 +0000. Up 20.17 seconds.
[   20.381766] cloud-init[976]: ci-info: ++++++++++++++++++++++++++++++++++++++Net device info+++++++++++++++++++++++++++++++++++++++
[   20.383192] cloud-init[976]: ci-info: +--------+-------+----------------------------+---------------+--------+-------------------+
[   20.384655] cloud-init[976]: ci-info: | Device |   Up  |          Address           |      Mask     | Scope  |     Hw-Address    |
[   20.386140] cloud-init[976]: ci-info: +--------+-------+----------------------------+---------------+--------+-------------------+
[   20.387574] cloud-init[976]: ci-info: | enp0s3 |  True |         10.0.2.15          | 255.255.255.0 | global | 02:3b:7b:b7:3b:2d |
[   20.388990] cloud-init[976]: ci-info: | enp0s3 |  True | fe80::3b:7bff:feb7:3b2d/64 |       .       |  link  | 02:3b:7b:b7:3b:2d |
[   20.390368] cloud-init[976]: ci-info: | enp0s8 | False |             .              |       .       |   .    | 08:00:27:35:dd:9d |
[   20.391824] cloud-init[976]: ci-info: |   lo   |  True |         127.0.0.1          |   255.0.0.0   |  host  |         .         |
[   20.393252] cloud-init[976]: ci-info: |   lo   |  True |          ::1/128           |       .       |  host  |         .         |
[   20.394726] cloud-init[976]: ci-info: +--------+-------+----------------------------+---------------+--------+-------------------+
[   20.396221] cloud-init[976]: ci-info: ++++++++++++++++++++++++++++Route IPv4 info+++++++++++++++++++++++++++++
[   20.397461] cloud-init[976]: ci-info: +-------+-------------+----------+-----------------+-----------+-------+
[   20.398717] cloud-init[976]: ci-info: | Route | Destination | Gateway  |     Genmask     | Interface | Flags |
[   20.399947] cloud-init[976]: ci-info: +-------+-------------+----------+-----------------+-----------+-------+
[   20.401164] cloud-init[976]: ci-info: |   0   |   0.0.0.0   | 10.0.2.2 |     0.0.0.0     |   enp0s3  |   UG  |
[   20.402405] cloud-init[976]: ci-info: |   1   |   10.0.2.0  | 0.0.0.0  |  255.255.255.0  |   enp0s3  |   U   |
[   20.403724] cloud-init[976]: ci-info: |   2   |   10.0.2.2  | 0.0.0.0  | 255.255.255.255 |   enp0s3  |   UH  |
[   20.404989] cloud-init[976]: ci-info: +-------+-------------+----------+-----------------+-----------+-------+
[   20.406205] cloud-init[976]: ci-info: +++++++++++++++++++Route IPv6 info+++++++++++++++++++
[   20.407266] cloud-init[976]: ci-info: +-------+-------------+---------+-----------+-------+
[   20.408309] cloud-init[976]: ci-info: | Route | Destination | Gateway | Interface | Flags |
[   20.409353] cloud-init[976]: ci-info: +-------+-------------+---------+-----------+-------+
[   20.410382] cloud-init[976]: ci-info: |   1   |  fe80::/64  |    ::   |   enp0s3  |   U   |
[   20.411429] cloud-init[976]: ci-info: |   3   |    local    |    ::   |   enp0s3  |   U   |
[   20.412500] cloud-init[976]: ci-info: |   4   |   ff00::/8  |    ::   |   enp0s3  |   U   |
[   20.413520] cloud-init[976]: ci-info: +-------+-------------+---------+-----------+-------+
[   22.220460] cloud-init[976]: Generating public/private rsa key pair.
[   22.221337] cloud-init[976]: Your identification has been saved in /etc/ssh/ssh_host_rsa_key.
[   22.222448] cloud-init[976]: Your public key has been saved in /etc/ssh/ssh_host_rsa_key.pub.
[   22.223397] cloud-init[976]: The key fingerprint is:
[   22.224239] cloud-init[976]: SHA256:L1+Ric6rigihELSngN6nv9qyLGMcYBj4c2N3Gj9Hekc root@ubuntu-bionic
[   22.225395] cloud-init[976]: The key's randomart image is:
[   22.226241] cloud-init[976]: +---[RSA 2048]----+
[   22.226789] cloud-init[976]: |..               |
[   22.227569] cloud-init[976]: |= .              |
[   22.228283] cloud-init[976]: |=+ .             |
[   22.229083] cloud-init[976]: |=o* + o . ..Eo   |
[   22.229850] cloud-init[976]: |=o = + =So..+    |
[   22.230650] cloud-init[976]: |oo  o . ++o ..   |
[   22.231422] cloud-init[976]: |+ ..    .++..    |
[   22.232279] cloud-init[976]: | *.oo.   o o     |
[   22.233080] cloud-init[976]: |. ++=+o...o      |
[   22.233856] cloud-init[976]: +----[SHA256]-----+
[   22.234584] cloud-init[976]: Generating public/private dsa key pair.
[   22.235547] cloud-init[976]: Your identification has been saved in /etc/ssh/ssh_host_dsa_key.
[   22.236773] cloud-init[976]: Your public key has been saved in /etc/ssh/ssh_host_dsa_key.pub.
[   22.237890] cloud-init[976]: The key fingerprint is:
[   22.238686] cloud-init[976]: SHA256:RksbUCOYtbnKh3FLk67larPL5GnahVmsIEV/M8YV6YY root@ubuntu-bionic
[   22.239859] cloud-init[976]: The key's randomart image is:
[   22.240795] cloud-init[976]: +---[DSA 1024]----+
[   22.241627] cloud-init[976]: |  .  ++.=o       |
[   22.242400] cloud-init[976]: | . .o. *..       |
[   22.243063] cloud-init[976]: |  . . Oo+        |
[   22.243798] cloud-init[976]: | .   +EBo+       |
[   22.244607] cloud-init[976]: |. . . O.S        |
[   22.245421] cloud-init[976]: | . o % +         |
[   22.246211] cloud-init[976]: |    O *          |
[   22.246743] cloud-init[976]: |   =+B           |
[   22.247535] cloud-init[976]: |  .+X=.          |
[   22.248380] cloud-init[976]: +----[SHA256]-----+
[   22.249130] cloud-init[976]: Generating public/private ecdsa key pair.
[   22.250043] cloud-init[976]: Your identification has been saved in /etc/ssh/ssh_host_ecdsa_key.
[   22.251308] cloud-init[976]: Your public key has been saved in /etc/ssh/ssh_host_ecdsa_key.pub.
[   22.252538] cloud-init[976]: The key fingerprint is:
[   22.253255] cloud-init[976]: SHA256:SmuO0ovJoGy9ilflWtW+77tWNVmMxKZmjALN9XrdImM root@ubuntu-bionic
[   22.254400] cloud-init[976]: The key's randomart image is:
[   22.255140] cloud-init[976]: +---[ECDSA 256]---+
[   22.255860] cloud-init[976]: |       o ..  o.o |
[   22.256637] cloud-init[976]: |      . o  .  + o|
[   22.257273] cloud-init[976]: |       . . o.o  o|
[   22.258006] cloud-init[976]: |      . o o.=. +.|
[   22.258796] cloud-init[976]: |     o..So.oE o.o|
[   22.259527] cloud-init[976]: |    ..oo  .o o.. |
[   22.260273] cloud-init[976]: |. .o o+    . .   |
[   22.261079] cloud-init[976]: |++o+o+    . .    |
[   22.261819] cloud-init[976]: |++=o+..    +=o   |
[   22.262559] cloud-init[976]: +----[SHA256]-----+
[   22.263351] cloud-init[976]: Generating public/private ed25519 key pair.
[   22.264473] cloud-init[976]: Your identification has been saved in /etc/ssh/ssh_host_ed25519_key.
[   22.265815] cloud-init[976]: Your public key has been saved in /etc/ssh/ssh_host_ed25519_key.pub.
[   22.267170] cloud-init[976]: The key fingerprint is:
[   22.268065] cloud-init[976]: SHA256:gRBY4SIg/wfHlo1x6WejMAkAn9U5h0qo6kBVcWQAwbw root@ubuntu-bionic
[   22.269336] cloud-init[976]: The key's randomart image is:
[   22.270212] cloud-init[976]: +--[ED25519 256]--+
[   22.271038] cloud-init[976]: |+.+BXB=*..       |
[   22.271844] cloud-init[976]: |oooBooBBo        |
[   22.272592] cloud-init[976]: |..*.+oB=o        |
[   22.273398] cloud-init[976]: |.o E.++ ..+      |
[   22.274223] cloud-init[976]: |o   . .oS+ .     |
[   22.275023] cloud-init[976]: |o    .  .        |
[   22.275859] cloud-init[976]: |o                |
[   22.276714] cloud-init[976]: | .               |
[   22.277545] cloud-init[976]: |                 |
[   22.278364] cloud-init[976]: +----[SHA256]-----+
[[0;32m  OK  [0m] Started Initial cloud-init job (metadata service crawler).
[[0;32m  OK  [0m] Reached target Cloud-config availability.
[[0;32m  OK  [0m] Reached target System Initialization.
         Starting Socket activation for snappy daemon.
[[0;32m  OK  [0m] Started Discard unused blocks once a week.
         Starting LXD - unix socket.
[[0;32m  OK  [0m] Listening on ACPID Listen Socket.
[[0;32m  OK  [0m] Started Daily apt download activities.
[[0;32m  OK  [0m] Started Daily apt upgrade and clean activities.
[[0;32m  OK  [0m] Started Ubuntu Advantage Timer for running repeated jobs.
[[0;32m  OK  [0m] Listening on UUID daemon activation socket.
[[0;32m  OK  [0m] Started ACPI Events Check.
[[0;32m  OK  [0m] Reached target Paths.
[[0;32m  OK  [0m] Listening on cloud-init hotplug hook socket.
[[0;32m  OK  [0m] Started Message of the Day.
[[0;32m  OK  [0m] Listening on Open-iSCSI iscsid Socket.
[[0;32m  OK  [0m] Started Daily Cleanup of Temporary Directories.
[[0;32m  OK  [0m] Reached target Timers.
[[0;32m  OK  [0m] Listening on D-Bus System Message Bus Socket.
[[0;32m  OK  [0m] Reached target Network is Online.
         Starting Availability of block devices...
[[0;32m  OK  [0m] Reached target Remote File Systems (Pre).
[[0;32m  OK  [0m] Reached target Remote File Systems.
[[0;32m  OK  [0m] Listening on Socket activation for snappy daemon.
[[0;32m  OK  [0m] Listening on LXD - unix socket.
[[0;32m  OK  [0m] Reached target Sockets.
[[0;32m  OK  [0m] Reached target Basic System.
[[0;32m  OK  [0m] Started Regular background program processing daemon.
         Starting Accounts Service...
         Starting Login Service...
[[0;32m  OK  [0m] Started Deferred execution scheduler.
[[0;32m  OK  [0m] Reached target Login Prompts (Pre).
         Starting LSB: automatic crash report generation...
         Starting LXD - container startup/shutdown...
[[0;32m  OK  [0m] Started FUSE filesystem for LXC.
         Starting System Logging Service...
         Starting Pollinate to seed the pseudo random number generator...
         Starting Virtualbox guest utils...
         Starting LSB: Record successful boot for GRUB...
[[0;32m  OK  [0m] Started irqbalance daemon.
[[0;32m  OK  [0m] Started D-Bus System Message Bus.
[[0;32m  OK  [0m] Started Login Service.
[[0;32m  OK  [0m] Started Unattended Upgrades Shutdown.
         Starting Permit User Sessions...
         Starting Dispatcher daemon for systemd-networkd...
         Starting Snap Daemon...
[[0;32m  OK  [0m] Started System Logging Service.
[[0;32m  OK  [0m] Started Availability of block devices.
[[0;32m  OK  [0m] Started Permit User Sessions.
[[0;32m  OK  [0m] Started LSB: automatic crash report generation.
         Starting Authorization Manager...
         Starting Hold until boot process finishes up...
         Starting Terminate Plymouth Boot Screen...
[[0;32m  OK  [0m] Started Hold until boot process finishes up.
[[0;32m  OK  [0m] Started Serial Getty on ttyS0.
         Starting Set console scheme...
[[0;32m  OK  [0m] Started Terminate Plymouth Boot Screen.
[[0;32m  OK  [0m] Started Set console scheme.
[[0;32m  OK  [0m] Created slice system-getty.slice.
[[0;32m  OK  [0m] Started Getty on tty1.
[[0;32m  OK  [0m] Reached target Login Prompts.
[[0;32m  OK  [0m] Started LSB: Record successful boot for GRUB.
[[0;32m  OK  [0m] Started Authorization Manager.
[[0;32m  OK  [0m] Started Accounts Service.
[[0;32m  OK  [0m] Started Virtualbox guest utils.
[[0;32m  OK  [0m] Started LXD - container startup/shutdown.
[[0;32m  OK  [0m] Started Dispatcher daemon for systemd-networkd.
[[0;32m  OK  [0m] Started Snap Daemon.
         Starting Wait until snapd is fully seeded...
[[0;32m  OK  [0m] Started Pollinate to seed the pseudo random number generator.
         Starting OpenBSD Secure Shell server...
[[0;32m  OK  [0m] Started OpenBSD Secure Shell server.
[[0;32m  OK  [0m] Created slice User Slice of vagrant.
         Starting User Manager for UID 1000...
[[0;32m  OK  [0m] Started Session 1 of user vagrant.
         Starting Time & Date Service...
[[0;32m  OK  [0m] Started Time & Date Service.
[[0;32m  OK  [0m] Started User Manager for UID 1000.

Ubuntu 18.04.6 LTS ubuntu-bionic ttyS0

ubuntu-bionic login: [   35.151793] cloud-init[1739]: Cloud-init v. 23.1.2-0ubuntu0~18.04.1 running 'modules:config' at Tue, 10 Dec 2024 08:13:30 +0000. Up 32.05 seconds.
ci-info: no authorized SSH keys fingerprints found for user ubuntu.
<14>Dec 10 08:13:34 cloud-init: #############################################################
<14>Dec 10 08:13:34 cloud-init: -----BEGIN SSH HOST KEY FINGERPRINTS-----
<14>Dec 10 08:13:34 cloud-init: 1024 SHA256:RksbUCOYtbnKh3FLk67larPL5GnahVmsIEV/M8YV6YY root@ubuntu-bionic (DSA)
<14>Dec 10 08:13:34 cloud-init: 256 SHA256:SmuO0ovJoGy9ilflWtW+77tWNVmMxKZmjALN9XrdImM root@ubuntu-bionic (ECDSA)
<14>Dec 10 08:13:34 cloud-init: 256 SHA256:gRBY4SIg/wfHlo1x6WejMAkAn9U5h0qo6kBVcWQAwbw root@ubuntu-bionic (ED25519)
<14>Dec 10 08:13:34 cloud-init: 2048 SHA256:L1+Ric6rigihELSngN6nv9qyLGMcYBj4c2N3Gj9Hekc root@ubuntu-bionic (RSA)
<14>Dec 10 08:13:34 cloud-init: -----END SSH HOST KEY FINGERPRINTS-----
<14>Dec 10 08:13:34 cloud-init: #############################################################
-----BEGIN SSH HOST KEY KEYS-----
ecdsa-sha2-nistp256 AAAAE2VjZHNhLXNoYTItbmlzdHAyNTYAAAAIbmlzdHAyNTYAAABBBMyMNAorMP133jfRNr7M5ihs1biYi3KwG1CNs9GmaBQkKSclk8SO8Q09gR+zhhUTMPawLJEPRx1gCkJcKDAYErU= root@ubuntu-bionic
ssh-ed25519 AAAAC3NzaC1lZDI1NTE5AAAAIFAk9bTW5jfZLsL3XtmyPlFLAuM1gv3pKrUQeIKrNENj root@ubuntu-bionic
ssh-rsa AAAAB3NzaC1yc2EAAAADAQABAAABAQChcA+YN/lIECeZcjO5brHBnzjAub8Kh3CsYoYlwweHvw39SSvww63edebx9Ku9SmiEbZKuktbE/UwDpGvNw39EjQIKz2P0pNsWH6AxHxZWm+f1VGHlBgrjV9tpFFlca+kBEAauF4fbloB5kfYCcUChL9gmFLjIltlgsB7Q/PG+Kl3ka7WRK//Gn6QSUvEpMRqEpbVO+GLu67ojORQFwczcpDM9fNBO4Poz2LHUOI3f0sF6UHm24ObFunj/KyGBJgB2R8Jbd9H91O9y6/MoJg1nan9MUU8krXFWMoi99dMPJBihuEcBxGXHrodL6eooXROpgQGfuXnEKG4xyXksE3Ib root@ubuntu-bionic
-----END SSH HOST KEY KEYS-----
[   36.280990] cloud-init[1903]: Cloud-init v. 23.1.2-0ubuntu0~18.04.1 running 'modules:final' at Tue, 10 Dec 2024 08:13:34 +0000. Up 35.94 seconds.
[   36.281130] cloud-init[1903]: Cloud-init v. 23.1.2-0ubuntu0~18.04.1 finished at Tue, 10 Dec 2024 08:13:34 +0000. Datasource DataSourceNoCloud [seed=/dev/sdb][dsmode=net].  Up 36.23 seconds
